[2019-03-09 19:35:46] my_logger.INFO: Nome: jeff [] []
[2019-03-09 19:36:09] my_logger.INFO: Nome: jeffeeee [] []
[2019-03-09 20:36:51] my_logger.INFO: 24912054836 [] []
[2019-03-09 21:09:51] my_logger.INFO: INSERT INTO chamados (data_ocorrencia, latitude, longitude, telefone_solicitante, data_geracao, data_chamada, nome_solicitante, cpf_solicitante, natureza, descricao) VALUES (?,?,?,?,now(),now(),?,?,?,?) [] []
[2019-03-09 21:09:51] my_logger.INFO: Array [] []
[2019-03-09 21:10:37] my_logger.INFO: INSERT INTO chamados (data_ocorrencia, latitude, longitude, telefone_solicitante, data_geracao, data_chamada, nome_solicitante, cpf_solicitante, natureza, descricao) VALUES (?,?,?,?,now(),now(),?,?,?,?) [] []
[2019-03-09 21:10:37] my_logger.INFO: Array [] []
[2019-03-09 21:10:37] my_logger.INFO: Nova chamada 1 [] []
[2019-03-09 21:11:18] my_logger.INFO: INSERT INTO chamados (data_ocorrencia, latitude, longitude, telefone_solicitante, data_geracao, data_chamada, nome_solicitante, cpf_solicitante, natureza, descricao) VALUES (?,?,?,?,now(),now(),?,?,?,?) [] []
[2019-03-09 21:11:18] my_logger.INFO: Array [] []
[2019-03-09 21:11:18] my_logger.INFO: Nova chamada 2 [] []
[2019-03-09 21:21:54] my_logger.INFO: INSERT INTO chamados (data_ocorrencia, latitude, longitude, telefone_solicitante, data_geracao, data_chamada, nome_solicitante, cpf_solicitante, natureza, descricao) VALUES (?,?,?,?,now(),now(),?,?,?,?) [] []
[2019-03-09 21:21:54] my_logger.INFO: Array [] []
[2019-03-09 21:21:54] my_logger.INFO: Nova chamada 3 [] []
[2019-03-10 11:38:25] my_logger.INFO: INSERT INTO chamados (situacao_ocorrencia, data_ocorrencia, latitude, longitude, telefone_solicitante, data_geracao, data_chamada, nome_solicitante, cpf_solicitante, natureza, descricao) VALUES ('ABERTA',?,?,?,?,now(),now(),?,?,?,?) [] []
[2019-03-10 11:38:25] my_logger.INFO: Array [] []
[2019-03-10 11:38:25] my_logger.INFO: Nova chamada 4 [] []
[2019-04-21 11:25:10] my_logger.INFO: SQL INSERT INTO voluntariojogo (cpf, nickname, avatar_url) VALUES (?,?,?) [] []
[2019-04-21 11:25:10] my_logger.INFO: dados  {"dado":["24912054836","jeffprestes","https://pbs.twimg.com/profile_images/546030379543441408/d-ZmwOWw_400x400.jpeg"]} []
[2019-04-21 11:25:10] my_logger.INFO: Novo voluntario 7 [] []
[2019-04-22 13:17:35] my_logger.WARNING: Token not found [] []
[2019-04-22 13:21:34] my_logger.WARNING: Token not found [] []
[2019-04-22 13:22:04] my_logger.WARNING: Token not found [] []
[2019-04-22 13:22:57] my_logger.WARNING: Token not found [] []
[2019-04-22 13:44:13] my_logger.WARNING: Token not found [] []
[2019-04-22 13:44:34] my_logger.WARNING: Token not found [] []
[2019-04-22 13:44:41] my_logger.WARNING: Token not found [] []
[2019-04-22 13:44:46] my_logger.WARNING: Token not found [] []
[2019-04-22 13:46:27] my_logger.WARNING: Token not found [] []
[2019-04-22 13:46:52] my_logger.WARNING: Token not found [] []
[2019-04-22 13:47:09] my_logger.WARNING: Token not found [] []
[2019-04-22 13:47:21] my_logger.WARNING: Token not found [] []
[2019-04-22 13:48:46] my_logger.INFO: Nome: ddsdsd [] []
[2019-04-22 13:50:02] my_logger.WARNING: Token not found [] []
[2019-04-22 13:50:31] my_logger.DEBUG: Using token from request header [] []
[2019-04-22 13:50:31] my_logger.WARNING: Wrong number of segments ["jfdffjfsfsfsdfsdfsf"] []
[2019-04-22 13:57:46] my_logger.DEBUG: Using token from request header [] []
[2019-04-22 13:57:46] my_logger.WARNING: Wrong number of segments ["jfdffjfsfsfsdfsdfsf"] []
[2019-04-22 13:58:02] my_logger.DEBUG: Using token from request header [] []
[2019-04-22 13:58:02] my_logger.WARNING: Wrong number of segments ["jfdffjfsfsfsdfsdfsf"] []
[2019-04-22 13:58:16] my_logger.WARNING: Token not found [] []
[2019-04-22 13:58:17] my_logger.WARNING: Token not found [] []
[2019-04-22 14:06:16] my_logger.WARNING: Token not found [] []
[2019-04-22 14:06:37] my_logger.WARNING: Token not found [] []
[2019-04-22 14:07:13] my_logger.WARNING: Token not found [] []
[2019-04-22 14:12:44] my_logger.WARNING: Token not found [] []
[2019-04-22 14:18:07] my_logger.DEBUG: Using token from request header [] []
[2019-04-22 14:18:07] my_logger.INFO: SQL INSERT INTO voluntariojogo (cpf, nickname, avatar_url) VALUES (?,?,?) [] []
[2019-04-22 14:18:07] my_logger.INFO: dados  {"dado":["24912054836","jeffprestes","https://pbs.twimg.com/profile_images/546030379543441408/d-ZmwOWw_400x400.jpeg"]} []
[2019-04-22 14:18:07] my_logger.INFO: Novo voluntario 8 [] []
[2019-04-22 14:18:15] my_logger.DEBUG: Using token from request header [] []
[2019-04-22 14:18:15] my_logger.WARNING: Malformed UTF-8 characters ["eyJ0eXAiOiJV1QiLCJhbGciOiJIUzI1NiJ9.eyJpYXQiOjE1NTU5NDI0ODIsImV4cCI6MTU1NTk0OTY4MiwianRpIjoiNjBmUlpyTU1PZzltVUJ3S3FERVlkZSIsInN1YiI6InZhc2Jtb2JpbGUiLCJzY29wZSI6bnVsbH0.RFu9BfPzvxOnUe3x55yegj0x0-l8gTiUD5sqRl_XPpk"] []
